Using pre-set license
Built from '2020.2/staging' branch; Version is '2020.2.5f1 (e2c53f129de5) revision 14861631'; Using compiler version '192528614'; Build Type 'Release'
OS: 'Windows 10 Enterprise; OS build 18362.175; Version 1903; 64bit' Language: 'tr' Physical Memory: 7637 MB
BatchMode: 1, IsHumanControllingUs: 0, StartBugReporterOnCrash: 0, Is64bit: 1, IsPro: 0

 COMMAND LINE ARGUMENTS:
C:\Program Files\Unity\Hub\Editor\2020.2.5f1\Editor\Unity.exe
-adb2
-batchMode
-noUpm
-name
AssetImportWorker1
-projectPath
C:/Users/murat/Documents/3DProjectileTutorial-master/PortalFall
-logFile
Logs/AssetImportWorker1.log
-srvPort
54642
Successfully changed project path to: C:/Users/murat/Documents/3DProjectileTutorial-master/PortalFall
C:/Users/murat/Documents/3DProjectileTutorial-master/PortalFall
Using Asset Import Pipeline V2.
Refreshing native plugins compatible for Editor in 322.21 ms, found 0 plugins.
Preloading 0 native plugins for Editor in 0.00 ms.
Initialize engine version: 2020.2.5f1 (e2c53f129de5)
[Subsystems] Discovering subsystems at path C:/Program Files/Unity/Hub/Editor/2020.2.5f1/Editor/Data/Resources/UnitySubsystems
[Subsystems] Discovering subsystems at path C:/Users/murat/Documents/3DProjectileTutorial-master/PortalFall/Assets
GfxDevice: creating device client; threaded=0
Direct3D:
    Version:  Direct3D 11.0 [level 11.1]
    Renderer: AMD Radeon(TM) R5 Graphics (ID=0x98e4)
    Vendor:   
    VRAM:     3818 MB
    Driver:   27.20.14535.1000
Initialize mono
Mono path[0] = 'C:/Program Files/Unity/Hub/Editor/2020.2.5f1/Editor/Data/Managed'
Mono path[1] = 'C:/Program Files/Unity/Hub/Editor/2020.2.5f1/Editor/Data/MonoBleedingEdge/lib/mono/unityjit'
Mono config path = 'C:/Program Files/Unity/Hub/Editor/2020.2.5f1/Editor/Data/MonoBleedingEdge/etc'
Using monoOptions --debugger-agent=transport=dt_socket,embedding=1,server=y,suspend=n,address=127.0.0.1:56636
Begin MonoManager ReloadAssembly
Registering precompiled unity dll's ...
Register platform support module: C:/Program Files/Unity/Hub/Editor/2020.2.5f1/Editor/Data/PlaybackEngines/WindowsStandaloneSupport/UnityEditor.WindowsStandalone.Extensions.dll
Registered in 0.004017 seconds.
Native extension for WindowsStandalone target not found
Refreshing native plugins compatible for Editor in 328.32 ms, found 0 plugins.
Preloading 0 native plugins for Editor in 0.00 ms.
Invoked RoslynAnalysisRunner static constructor.
RoslynAnalysisRunner will not be running.
RoslynAnalysisRunner has terminated.
Mono: successfully reloaded assembly
- Completed reload, in 14.273 seconds
Platform modules already initialized, skipping
Registering precompiled user dll's ...
Registered in 0.003761 seconds.
Begin MonoManager ReloadAssembly
Native extension for WindowsStandalone target not found
Refreshing native plugins compatible for Editor in 1.56 ms, found 0 plugins.
Preloading 0 native plugins for Editor in 0.00 ms.
Invoked RoslynAnalysisRunner static constructor.
RoslynAnalysisRunner will not be running.
RoslynAnalysisRunner has terminated.
Mono: successfully reloaded assembly
- Completed reload, in  5.561 seconds
Platform modules already initialized, skipping
========================================================================
Worker process is ready to serve import requests
Launched and connected shader compiler UnityShaderCompiler.exe after 0.19 seconds
Refreshing native plugins compatible for Editor in 2.07 ms, found 0 plugins.
Preloading 0 native plugins for Editor in 0.00 ms.
Unloading 1110 Unused Serialized files (Serialized files now loaded: 0)
System memory in use before: 59.9 MB.
System memory in use after: 59.9 MB.

Unloading 10 unused Assets to reduce memory usage. Loaded Objects now: 1554.
Total: 4.628300 ms (FindLiveObjects: 0.383200 ms CreateObjectMapping: 0.107200 ms MarkObjects: 3.911400 ms  DeleteObjects: 0.223000 ms)

========================================================================
Received Import Request.
  path: Assets/Scripts/UiManager.cs
  artifactKey: Guid(11884c91a23f69a47a7dc19dcdaee711) Importer(815301076,1909f56bfc062723c751e8b465ee728b)
Start importing Assets/Scripts/UiManager.cs using Guid(11884c91a23f69a47a7dc19dcdaee711) Importer(815301076,1909f56bfc062723c751e8b465ee728b)  -> (artifact id: 'e76f18497b44904b235159ee0e20dbed') in 0.064301 seconds
  Import took 0.070619 seconds .

========================================================================
Received Import Request.
  Time since last request: 20.227269 seconds.
  path: Assets/Scripts/UiManager.cs
  artifactKey: Guid(11884c91a23f69a47a7dc19dcdaee711) Importer(815301076,1909f56bfc062723c751e8b465ee728b)
Start importing Assets/Scripts/UiManager.cs using Guid(11884c91a23f69a47a7dc19dcdaee711) Importer(815301076,1909f56bfc062723c751e8b465ee728b)  -> (artifact id: '4119ca598e6219fa3f59c1cbdc17f360') in 0.220005 seconds
  Import took 0.229062 seconds .

========================================================================
Received Import Request.
  Time since last request: 17.780281 seconds.
  path: Assets/Scripts/UiManager.cs
  artifactKey: Guid(11884c91a23f69a47a7dc19dcdaee711) Importer(815301076,1909f56bfc062723c751e8b465ee728b)
Start importing Assets/Scripts/UiManager.cs using Guid(11884c91a23f69a47a7dc19dcdaee711) Importer(815301076,1909f56bfc062723c751e8b465ee728b)  -> (artifact id: '20f56e641cddfcd041c0adb685d14aed') in 0.029305 seconds
  Import took 0.039225 seconds .

========================================================================
Received Prepare
Registering precompiled user dll's ...
Registered in 0.002732 seconds.
Begin MonoManager ReloadAssembly
Native extension for WindowsStandalone target not found
Refreshing native plugins compatible for Editor in 0.97 ms, found 0 plugins.
Preloading 0 native plugins for Editor in 0.00 ms.
Invoked RoslynAnalysisRunner static constructor.
RoslynAnalysisRunner will not be running.
RoslynAnalysisRunner has terminated.
Mono: successfully reloaded assembly
- Completed reload, in  4.174 seconds
Platform modules already initialized, skipping
Refreshing native plugins compatible for Editor in 5.60 ms, found 0 plugins.
Preloading 0 native plugins for Editor in 0.00 ms.
Unloading 1104 Unused Serialized files (Serialized files now loaded: 0)
System memory in use before: 59.7 MB.
System memory in use after: 59.8 MB.

Unloading 5 unused Assets to reduce memory usage. Loaded Objects now: 1556.
Total: 9.244300 ms (FindLiveObjects: 1.299300 ms CreateObjectMapping: 0.205700 ms MarkObjects: 7.523500 ms  DeleteObjects: 0.210000 ms)

========================================================================
Received Prepare
Registering precompiled user dll's ...
Registered in 0.031877 seconds.
Begin MonoManager ReloadAssembly
Native extension for WindowsStandalone target not found
Refreshing native plugins compatible for Editor in 0.93 ms, found 0 plugins.
Preloading 0 native plugins for Editor in 0.00 ms.
Invoked RoslynAnalysisRunner static constructor.
RoslynAnalysisRunner will not be running.
RoslynAnalysisRunner has terminated.
Mono: successfully reloaded assembly
- Completed reload, in  3.935 seconds
Platform modules already initialized, skipping
Refreshing native plugins compatible for Editor in 0.92 ms, found 0 plugins.
Preloading 0 native plugins for Editor in 0.00 ms.
Unloading 1103 Unused Serialized files (Serialized files now loaded: 0)
System memory in use before: 59.7 MB.
System memory in use after: 59.8 MB.

Unloading 6 unused Assets to reduce memory usage. Loaded Objects now: 1557.
Total: 5.432200 ms (FindLiveObjects: 0.430000 ms CreateObjectMapping: 0.167100 ms MarkObjects: 4.676000 ms  DeleteObjects: 0.154200 ms)

========================================================================
Received Import Request.
  Time since last request: 85.566407 seconds.
  path: Assets/Scripts/UiManager.cs
  artifactKey: Guid(11884c91a23f69a47a7dc19dcdaee711) Importer(815301076,1909f56bfc062723c751e8b465ee728b)
Start importing Assets/Scripts/UiManager.cs using Guid(11884c91a23f69a47a7dc19dcdaee711) Importer(815301076,1909f56bfc062723c751e8b465ee728b)  -> (artifact id: '57dfd5232e02f59713fcc3a628005b30') in 0.891722 seconds
  Import took 0.903090 seconds .

========================================================================
Received Prepare
Registering precompiled user dll's ...
Registered in 0.002406 seconds.
Begin MonoManager ReloadAssembly
Native extension for WindowsStandalone target not found
Refreshing native plugins compatible for Editor in 0.92 ms, found 0 plugins.
Preloading 0 native plugins for Editor in 0.00 ms.
Invoked RoslynAnalysisRunner static constructor.
RoslynAnalysisRunner will not be running.
RoslynAnalysisRunner has terminated.
Mono: successfully reloaded assembly
- Completed reload, in  4.576 seconds
Platform modules already initialized, skipping
Refreshing native plugins compatible for Editor in 1.24 ms, found 0 plugins.
Preloading 0 native plugins for Editor in 0.00 ms.
Unloading 1104 Unused Serialized files (Serialized files now loaded: 0)
System memory in use before: 59.8 MB.
System memory in use after: 59.9 MB.

Unloading 5 unused Assets to reduce memory usage. Loaded Objects now: 1560.
Total: 4.200900 ms (FindLiveObjects: 0.388400 ms CreateObjectMapping: 0.091000 ms MarkObjects: 3.601400 ms  DeleteObjects: 0.116400 ms)

========================================================================
Received Prepare
Registering precompiled user dll's ...
Registered in 0.002292 seconds.
Begin MonoManager ReloadAssembly
Native extension for WindowsStandalone target not found
Refreshing native plugins compatible for Editor in 1.98 ms, found 0 plugins.
Preloading 0 native plugins for Editor in 0.00 ms.
Invoked RoslynAnalysisRunner static constructor.
RoslynAnalysisRunner will not be running.
RoslynAnalysisRunner has terminated.
Mono: successfully reloaded assembly
- Completed reload, in  3.871 seconds
Platform modules already initialized, skipping
Refreshing native plugins compatible for Editor in 0.92 ms, found 0 plugins.
Preloading 0 native plugins for Editor in 0.00 ms.
Unloading 1104 Unused Serialized files (Serialized files now loaded: 0)
System memory in use before: 59.8 MB.
System memory in use after: 59.9 MB.

Unloading 5 unused Assets to reduce memory usage. Loaded Objects now: 1562.
Total: 4.882900 ms (FindLiveObjects: 0.376600 ms CreateObjectMapping: 0.160200 ms MarkObjects: 4.177600 ms  DeleteObjects: 0.165100 ms)

========================================================================
Received Prepare
Registering precompiled user dll's ...
Registered in 0.002479 seconds.
Begin MonoManager ReloadAssembly
Native extension for WindowsStandalone target not found
Refreshing native plugins compatible for Editor in 0.97 ms, found 0 plugins.
Preloading 0 native plugins for Editor in 0.00 ms.
Invoked RoslynAnalysisRunner static constructor.
RoslynAnalysisRunner will not be running.
RoslynAnalysisRunner has terminated.
Mono: successfully reloaded assembly
- Completed reload, in  4.238 seconds
Platform modules already initialized, skipping
Refreshing native plugins compatible for Editor in 0.91 ms, found 0 plugins.
Preloading 0 native plugins for Editor in 0.00 ms.
Unloading 1104 Unused Serialized files (Serialized files now loaded: 0)
System memory in use before: 59.8 MB.
System memory in use after: 59.9 MB.

Unloading 5 unused Assets to reduce memory usage. Loaded Objects now: 1564.
Total: 5.224300 ms (FindLiveObjects: 0.546400 ms CreateObjectMapping: 0.162400 ms MarkObjects: 4.385900 ms  DeleteObjects: 0.125700 ms)

========================================================================
Received Prepare
Registering precompiled user dll's ...
Registered in 0.005352 seconds.
Begin MonoManager ReloadAssembly
Native extension for WindowsStandalone target not found
Refreshing native plugins compatible for Editor in 1.33 ms, found 0 plugins.
Preloading 0 native plugins for Editor in 0.00 ms.
Invoked RoslynAnalysisRunner static constructor.
RoslynAnalysisRunner will not be running.
RoslynAnalysisRunner has terminated.
Mono: successfully reloaded assembly
- Completed reload, in  4.923 seconds
Platform modules already initialized, skipping
Refreshing native plugins compatible for Editor in 1.76 ms, found 0 plugins.
Preloading 0 native plugins for Editor in 0.00 ms.
Unloading 1104 Unused Serialized files (Serialized files now loaded: 0)
System memory in use before: 59.8 MB.
System memory in use after: 59.9 MB.

Unloading 5 unused Assets to reduce memory usage. Loaded Objects now: 1566.
Total: 6.181900 ms (FindLiveObjects: 0.408000 ms CreateObjectMapping: 0.139600 ms MarkObjects: 5.469100 ms  DeleteObjects: 0.160400 ms)

========================================================================
Received Prepare
Registering precompiled user dll's ...
Registered in 0.001705 seconds.
Begin MonoManager ReloadAssembly
Native extension for WindowsStandalone target not found
Refreshing native plugins compatible for Editor in 0.83 ms, found 0 plugins.
Preloading 0 native plugins for Editor in 0.00 ms.
Invoked RoslynAnalysisRunner static constructor.
RoslynAnalysisRunner will not be running.
RoslynAnalysisRunner has terminated.
Mono: successfully reloaded assembly
- Completed reload, in  2.060 seconds
Platform modules already initialized, skipping
Refreshing native plugins compatible for Editor in 0.85 ms, found 0 plugins.
Preloading 0 native plugins for Editor in 0.00 ms.
Unloading 1104 Unused Serialized files (Serialized files now loaded: 0)
System memory in use before: 59.8 MB.
System memory in use after: 59.9 MB.

Unloading 5 unused Assets to reduce memory usage. Loaded Objects now: 1568.
Total: 4.370800 ms (FindLiveObjects: 0.362100 ms CreateObjectMapping: 0.086200 ms MarkObjects: 3.644500 ms  DeleteObjects: 0.194600 ms)

========================================================================
Received Prepare
Registering precompiled user dll's ...
Registered in 0.004067 seconds.
Begin MonoManager ReloadAssembly
Native extension for WindowsStandalone target not found
Refreshing native plugins compatible for Editor in 2.38 ms, found 0 plugins.
Preloading 0 native plugins for Editor in 0.00 ms.
Invoked RoslynAnalysisRunner static constructor.
RoslynAnalysisRunner will not be running.
RoslynAnalysisRunner has terminated.
Mono: successfully reloaded assembly
- Completed reload, in  5.248 seconds
Platform modules already initialized, skipping
Refreshing native plugins compatible for Editor in 1.13 ms, found 0 plugins.
Preloading 0 native plugins for Editor in 0.00 ms.
Unloading 1104 Unused Serialized files (Serialized files now loaded: 0)
System memory in use before: 59.8 MB.
System memory in use after: 59.9 MB.

Unloading 5 unused Assets to reduce memory usage. Loaded Objects now: 1570.
Total: 5.801800 ms (FindLiveObjects: 0.479000 ms CreateObjectMapping: 0.131300 ms MarkObjects: 5.049900 ms  DeleteObjects: 0.137500 ms)

========================================================================
Received Import Request.
  Time since last request: 477.840271 seconds.
  path: Assets/Scripts/Portal.cs
  artifactKey: Guid(47e918a2b61bde142908ff3e1556f642) Importer(815301076,1909f56bfc062723c751e8b465ee728b)
Start importing Assets/Scripts/Portal.cs using Guid(47e918a2b61bde142908ff3e1556f642) Importer(815301076,1909f56bfc062723c751e8b465ee728b)  -> (artifact id: 'b7c1596aa16fac2b17d13c3a94e5d580') in 0.014861 seconds
  Import took 0.020781 seconds .

========================================================================
Received Prepare
Registering precompiled user dll's ...
Registered in 0.004996 seconds.
Begin MonoManager ReloadAssembly
Native extension for WindowsStandalone target not found
Refreshing native plugins compatible for Editor in 0.94 ms, found 0 plugins.
Preloading 0 native plugins for Editor in 0.00 ms.
Invoked RoslynAnalysisRunner static constructor.
RoslynAnalysisRunner will not be running.
RoslynAnalysisRunner has terminated.
Mono: successfully reloaded assembly
- Completed reload, in  5.115 seconds
Platform modules already initialized, skipping
Refreshing native plugins compatible for Editor in 1.08 ms, found 0 plugins.
Preloading 0 native plugins for Editor in 0.00 ms.
Unloading 1104 Unused Serialized files (Serialized files now loaded: 0)
System memory in use before: 59.8 MB.
System memory in use after: 59.9 MB.

Unloading 5 unused Assets to reduce memory usage. Loaded Objects now: 1572.
Total: 4.305000 ms (FindLiveObjects: 0.405300 ms CreateObjectMapping: 0.086600 ms MarkObjects: 3.638400 ms  DeleteObjects: 0.170300 ms)

========================================================================
Received Prepare
Registering precompiled user dll's ...
Registered in 0.003484 seconds.
Begin MonoManager ReloadAssembly
Native extension for WindowsStandalone target not found
Refreshing native plugins compatible for Editor in 1.70 ms, found 0 plugins.
Preloading 0 native plugins for Editor in 0.00 ms.
Invoked RoslynAnalysisRunner static constructor.
RoslynAnalysisRunner will not be running.
RoslynAnalysisRunner has terminated.
Mono: successfully reloaded assembly
- Completed reload, in  5.239 seconds
Platform modules already initialized, skipping
Refreshing native plugins compatible for Editor in 2.77 ms, found 0 plugins.
Preloading 0 native plugins for Editor in 0.00 ms.
Unloading 1104 Unused Serialized files (Serialized files now loaded: 0)
System memory in use before: 59.8 MB.
System memory in use after: 59.9 MB.

Unloading 5 unused Assets to reduce memory usage. Loaded Objects now: 1574.
Total: 6.240900 ms (FindLiveObjects: 0.475600 ms CreateObjectMapping: 0.117000 ms MarkObjects: 5.477500 ms  DeleteObjects: 0.165700 ms)

========================================================================
Received Import Request.
  Time since last request: 156.092813 seconds.
  path: Assets/UI/retsart.png
  artifactKey: Guid(8eed07d718af688438be511bac7d4e4a) Importer(815301076,1909f56bfc062723c751e8b465ee728b)
Start importing Assets/UI/retsart.png using Guid(8eed07d718af688438be511bac7d4e4a) Importer(815301076,1909f56bfc062723c751e8b465ee728b)  -> (artifact id: 'f310081efd324533c831fb9905db771c') in 0.208451 seconds
  Import took 0.215613 seconds .

========================================================================
Received Import Request.
  Time since last request: 0.687583 seconds.
  path: Assets/UI/retsart.png
  artifactKey: Guid(8eed07d718af688438be511bac7d4e4a) Importer(815301076,1909f56bfc062723c751e8b465ee728b)
Start importing Assets/UI/retsart.png using Guid(8eed07d718af688438be511bac7d4e4a) Importer(815301076,1909f56bfc062723c751e8b465ee728b)  -> (artifact id: 'f310081efd324533c831fb9905db771c') in 0.044654 seconds
  Import took 0.076129 seconds .

========================================================================
Received Import Request.
  Time since last request: 2.762788 seconds.
  path: Assets/UI/retsart.png
  artifactKey: Guid(8eed07d718af688438be511bac7d4e4a) Importer(815301076,1909f56bfc062723c751e8b465ee728b)
Start importing Assets/UI/retsart.png using Guid(8eed07d718af688438be511bac7d4e4a) Importer(815301076,1909f56bfc062723c751e8b465ee728b)  -> (artifact id: '71a4a2edd57ff1bc4f7e00eb9a620266') in 0.261091 seconds
  Import took 0.268829 seconds .

========================================================================
Received Prepare
Registering precompiled user dll's ...
Registered in 0.003145 seconds.
Begin MonoManager ReloadAssembly
Native extension for WindowsStandalone target not found
Refreshing native plugins compatible for Editor in 1.08 ms, found 0 plugins.
Preloading 0 native plugins for Editor in 0.00 ms.
Invoked RoslynAnalysisRunner static constructor.
RoslynAnalysisRunner will not be running.
RoslynAnalysisRunner has terminated.
Mono: successfully reloaded assembly
- Completed reload, in  5.229 seconds
Platform modules already initialized, skipping
Refreshing native plugins compatible for Editor in 1.22 ms, found 0 plugins.
Preloading 0 native plugins for Editor in 0.00 ms.
Unloading 1104 Unused Serialized files (Serialized files now loaded: 0)
System memory in use before: 62.9 MB.
System memory in use after: 63.0 MB.

Unloading 5 unused Assets to reduce memory usage. Loaded Objects now: 1582.
Total: 10.089500 ms (FindLiveObjects: 0.491400 ms CreateObjectMapping: 0.133300 ms MarkObjects: 9.076900 ms  DeleteObjects: 0.381600 ms)

========================================================================
Received Import Request.
  Time since last request: 108.575025 seconds.
  path: Assets/UI/WinnerUı.png
  artifactKey: Guid(2038aa715e5103c4f997615c3c2daa50) Importer(815301076,1909f56bfc062723c751e8b465ee728b)
Start importing Assets/UI/WinnerUı.png using Guid(2038aa715e5103c4f997615c3c2daa50) Importer(815301076,1909f56bfc062723c751e8b465ee728b)  -> (artifact id: 'c450215e10b13692b0c884ef96355a0d') in 0.398033 seconds
  Import took 0.412117 seconds .

========================================================================
Received Import Request.
  Time since last request: 5.364444 seconds.
  path: Assets/UI/Winner.png
  artifactKey: Guid(2038aa715e5103c4f997615c3c2daa50) Importer(815301076,1909f56bfc062723c751e8b465ee728b)
Start importing Assets/UI/Winner.png using Guid(2038aa715e5103c4f997615c3c2daa50) Importer(815301076,1909f56bfc062723c751e8b465ee728b)  -> (artifact id: '24ce0c9cf7a8b5739d8e3c47053d2094') in 0.120806 seconds
  Import took 0.181039 seconds .

========================================================================
Received Import Request.
  Time since last request: 8.029255 seconds.
  path: Assets/UI/Winner.png
  artifactKey: Guid(2038aa715e5103c4f997615c3c2daa50) Importer(815301076,1909f56bfc062723c751e8b465ee728b)
Start importing Assets/UI/Winner.png using Guid(2038aa715e5103c4f997615c3c2daa50) Importer(815301076,1909f56bfc062723c751e8b465ee728b)  -> (artifact id: 'e31a8c75633b0c5e62e6e69b9832e81b') in 0.467956 seconds
  Import took 0.475237 seconds .

========================================================================
Received Prepare
Registering precompiled user dll's ...
Registered in 0.002205 seconds.
Begin MonoManager ReloadAssembly
Native extension for WindowsStandalone target not found
Refreshing native plugins compatible for Editor in 0.97 ms, found 0 plugins.
Preloading 0 native plugins for Editor in 0.00 ms.
Invoked RoslynAnalysisRunner static constructor.
RoslynAnalysisRunner will not be running.
RoslynAnalysisRunner has terminated.
Mono: successfully reloaded assembly
- Completed reload, in  4.011 seconds
Platform modules already initialized, skipping
Refreshing native plugins compatible for Editor in 1.20 ms, found 0 plugins.
Preloading 0 native plugins for Editor in 0.00 ms.
Unloading 1104 Unused Serialized files (Serialized files now loaded: 0)
System memory in use before: 62.9 MB.
System memory in use after: 63.0 MB.

Unloading 5 unused Assets to reduce memory usage. Loaded Objects now: 1587.
Total: 5.272500 ms (FindLiveObjects: 0.890500 ms CreateObjectMapping: 0.156100 ms MarkObjects: 4.078800 ms  DeleteObjects: 0.143000 ms)

========================================================================
Received Prepare
Registering precompiled user dll's ...
Registered in 0.003519 seconds.
Begin MonoManager ReloadAssembly
Native extension for WindowsStandalone target not found
Refreshing native plugins compatible for Editor in 1.12 ms, found 0 plugins.
Preloading 0 native plugins for Editor in 0.00 ms.
Invoked RoslynAnalysisRunner static constructor.
RoslynAnalysisRunner will not be running.
RoslynAnalysisRunner has terminated.
Mono: successfully reloaded assembly
- Completed reload, in  6.236 seconds
Platform modules already initialized, skipping
Refreshing native plugins compatible for Editor in 2.25 ms, found 0 plugins.
Preloading 0 native plugins for Editor in 0.00 ms.
Unloading 1104 Unused Serialized files (Serialized files now loaded: 0)
System memory in use before: 62.9 MB.
System memory in use after: 63.0 MB.

Unloading 5 unused Assets to reduce memory usage. Loaded Objects now: 1589.
Total: 6.542800 ms (FindLiveObjects: 0.605700 ms CreateObjectMapping: 0.136800 ms MarkObjects: 5.487300 ms  DeleteObjects: 0.307400 ms)

========================================================================
Received Import Request.
  Time since last request: 208.266909 seconds.
  path: Assets/UI/WinnerImage.anim
  artifactKey: Guid(3a80088d10679db4dabfed6f11b4e253) Importer(815301076,1909f56bfc062723c751e8b465ee728b)
Start importing Assets/UI/WinnerImage.anim using Guid(3a80088d10679db4dabfed6f11b4e253) Importer(815301076,1909f56bfc062723c751e8b465ee728b)  -> (artifact id: '824ee1b9eb42f143eaa14a57857f92ea') in 0.101072 seconds
  Import took 0.134150 seconds .

========================================================================
Received Import Request.
  Time since last request: 0.005272 seconds.
  path: Assets/UI/WinnerImage.anim
  artifactKey: Guid(3a80088d10679db4dabfed6f11b4e253) Importer(815301076,1909f56bfc062723c751e8b465ee728b)
Start importing Assets/UI/WinnerImage.anim using Guid(3a80088d10679db4dabfed6f11b4e253) Importer(815301076,1909f56bfc062723c751e8b465ee728b)  -> (artifact id: '824ee1b9eb42f143eaa14a57857f92ea') in 0.038327 seconds
  Import took 0.062286 seconds .

========================================================================
Received Prepare
Registering precompiled user dll's ...
Registered in 0.002980 seconds.
Begin MonoManager ReloadAssembly
Native extension for WindowsStandalone target not found
Refreshing native plugins compatible for Editor in 1.01 ms, found 0 plugins.
Preloading 0 native plugins for Editor in 0.00 ms.
Invoked RoslynAnalysisRunner static constructor.
RoslynAnalysisRunner will not be running.
RoslynAnalysisRunner has terminated.
Mono: successfully reloaded assembly
- Completed reload, in  3.678 seconds
Platform modules already initialized, skipping
Refreshing native plugins compatible for Editor in 0.96 ms, found 0 plugins.
Preloading 0 native plugins for Editor in 0.00 ms.
Unloading 1104 Unused Serialized files (Serialized files now loaded: 0)
System memory in use before: 62.9 MB.
System memory in use after: 63.0 MB.

Unloading 5 unused Assets to reduce memory usage. Loaded Objects now: 1591.
Total: 5.829700 ms (FindLiveObjects: 0.576300 ms CreateObjectMapping: 0.198300 ms MarkObjects: 4.865600 ms  DeleteObjects: 0.185200 ms)

========================================================================
Received Import Request.
  Time since last request: 196.068217 seconds.
  path: Assets/Scenes/MainScene.unity
  artifactKey: Guid(54e9644b66e21b441b9a6eb04b6dad58) Importer(815301076,1909f56bfc062723c751e8b465ee728b)
Start importing Assets/Scenes/MainScene.unity using Guid(54e9644b66e21b441b9a6eb04b6dad58) Importer(815301076,1909f56bfc062723c751e8b465ee728b)  -> (artifact id: '258f48fd61975ac8a2aa652c0f4e844d') in 0.063406 seconds
  Import took 0.126173 seconds .

========================================================================
Received Prepare
Registering precompiled user dll's ...
Registered in 0.010924 seconds.
Begin MonoManager ReloadAssembly
Native extension for WindowsStandalone target not found
Refreshing native plugins compatible for Editor in 1.69 ms, found 0 plugins.
Preloading 0 native plugins for Editor in 0.00 ms.
Invoked RoslynAnalysisRunner static constructor.
RoslynAnalysisRunner will not be running.
RoslynAnalysisRunner has terminated.
Mono: successfully reloaded assembly
- Completed reload, in  9.059 seconds
Platform modules already initialized, skipping
Refreshing native plugins compatible for Editor in 0.99 ms, found 0 plugins.
Preloading 0 native plugins for Editor in 0.00 ms.
Unloading 1104 Unused Serialized files (Serialized files now loaded: 0)
System memory in use before: 63.0 MB.
System memory in use after: 63.0 MB.

Unloading 5 unused Assets to reduce memory usage. Loaded Objects now: 1593.
Total: 6.055400 ms (FindLiveObjects: 0.402700 ms CreateObjectMapping: 0.147300 ms MarkObjects: 5.304600 ms  DeleteObjects: 0.195600 ms)

========================================================================
Received Prepare
Registering precompiled user dll's ...
Registered in 0.002369 seconds.
Begin MonoManager ReloadAssembly
Native extension for WindowsStandalone target not found
Refreshing native plugins compatible for Editor in 1.52 ms, found 0 plugins.
Preloading 0 native plugins for Editor in 0.00 ms.
Invoked RoslynAnalysisRunner static constructor.
RoslynAnalysisRunner will not be running.
RoslynAnalysisRunner has terminated.
Mono: successfully reloaded assembly
- Completed reload, in  9.476 seconds
Platform modules already initialized, skipping
Refreshing native plugins compatible for Editor in 0.99 ms, found 0 plugins.
Preloading 0 native plugins for Editor in 0.00 ms.
Unloading 1104 Unused Serialized files (Serialized files now loaded: 0)
System memory in use before: 63.0 MB.
System memory in use after: 63.0 MB.

Unloading 5 unused Assets to reduce memory usage. Loaded Objects now: 1595.
Total: 6.880200 ms (FindLiveObjects: 0.427600 ms CreateObjectMapping: 0.096100 ms MarkObjects: 6.124600 ms  DeleteObjects: 0.226800 ms)

========================================================================
Received Import Request.
  Time since last request: 1052.086360 seconds.
  path: Assets/PolygonTown/Materials
  artifactKey: Guid(2d691d7245b3aa24b97a9684d1a50e84) Importer(815301076,1909f56bfc062723c751e8b465ee728b)
Start importing Assets/PolygonTown/Materials using Guid(2d691d7245b3aa24b97a9684d1a50e84) Importer(815301076,1909f56bfc062723c751e8b465ee728b)  -> (artifact id: '93350259b1d1133a282de01283a5c2df') in 0.042825 seconds
  Import took 0.048922 seconds .

========================================================================
Received Import Request.
  Time since last request: 29.174275 seconds.
  path: Assets/SimpleFX/Materials
  artifactKey: Guid(e9c18f1ac8f432e4a864763863415b4d) Importer(815301076,1909f56bfc062723c751e8b465ee728b)
Start importing Assets/SimpleFX/Materials using Guid(e9c18f1ac8f432e4a864763863415b4d) Importer(815301076,1909f56bfc062723c751e8b465ee728b)  -> (artifact id: '1cbb25c13764eb766abbf87477a0997d') in 0.033161 seconds
  Import took 0.041147 seconds .

========================================================================
Received Prepare
Registering precompiled user dll's ...
Registered in 0.001819 seconds.
Begin MonoManager ReloadAssembly
Native extension for WindowsStandalone target not found
Refreshing native plugins compatible for Editor in 0.99 ms, found 0 plugins.
Preloading 0 native plugins for Editor in 0.00 ms.
Invoked RoslynAnalysisRunner static constructor.
RoslynAnalysisRunner will not be running.
RoslynAnalysisRunner has terminated.
Mono: successfully reloaded assembly
- Completed reload, in  2.428 seconds
Platform modules already initialized, skipping
Refreshing native plugins compatible for Editor in 0.88 ms, found 0 plugins.
Preloading 0 native plugins for Editor in 0.00 ms.
Unloading 1104 Unused Serialized files (Serialized files now loaded: 0)
System memory in use before: 63.0 MB.
System memory in use after: 63.0 MB.

Unloading 5 unused Assets to reduce memory usage. Loaded Objects now: 1597.
Total: 6.858500 ms (FindLiveObjects: 0.937700 ms CreateObjectMapping: 0.640300 ms MarkObjects: 5.134100 ms  DeleteObjects: 0.140800 ms)

========================================================================
Received Import Request.
  Time since last request: 21.741911 seconds.
  path: Assets/SimpleFX/Materials/New Material.mat
  artifactKey: Guid(7154a6dd0683764469d9cd261c574654) Importer(815301076,1909f56bfc062723c751e8b465ee728b)
Start importing Assets/SimpleFX/Materials/New Material.mat using Guid(7154a6dd0683764469d9cd261c574654) Importer(815301076,1909f56bfc062723c751e8b465ee728b)  -> (artifact id: '6f2957bbf99ae838734e59c86ddab079') in 0.258999 seconds
  Import took 0.266695 seconds .

========================================================================
Received Prepare
Registering precompiled user dll's ...
Registered in 0.014256 seconds.
Begin MonoManager ReloadAssembly
Native extension for WindowsStandalone target not found
Refreshing native plugins compatible for Editor in 1.22 ms, found 0 plugins.
Preloading 0 native plugins for Editor in 0.00 ms.
Invoked RoslynAnalysisRunner static constructor.
RoslynAnalysisRunner will not be running.
RoslynAnalysisRunner has terminated.
Mono: successfully reloaded assembly
- Completed reload, in  4.705 seconds
Platform modules already initialized, skipping
Refreshing native plugins compatible for Editor in 4.11 ms, found 0 plugins.
Preloading 0 native plugins for Editor in 0.00 ms.
Unloading 1104 Unused Serialized files (Serialized files now loaded: 0)
System memory in use before: 63.2 MB.
System memory in use after: 63.3 MB.

Unloading 5 unused Assets to reduce memory usage. Loaded Objects now: 1636.
Total: 7.272400 ms (FindLiveObjects: 0.531300 ms CreateObjectMapping: 0.163700 ms MarkObjects: 6.310000 ms  DeleteObjects: 0.261200 ms)

========================================================================
Received Prepare
Registering precompiled user dll's ...
Registered in 0.002429 seconds.
Begin MonoManager ReloadAssembly
Native extension for WindowsStandalone target not found
Refreshing native plugins compatible for Editor in 1.09 ms, found 0 plugins.
Preloading 0 native plugins for Editor in 0.00 ms.
Invoked RoslynAnalysisRunner static constructor.
RoslynAnalysisRunner will not be running.
RoslynAnalysisRunner has terminated.
Mono: successfully reloaded assembly
- Completed reload, in  3.009 seconds
Platform modules already initialized, skipping
Refreshing native plugins compatible for Editor in 2.58 ms, found 0 plugins.
Preloading 0 native plugins for Editor in 0.00 ms.
Unloading 1104 Unused Serialized files (Serialized files now loaded: 0)
System memory in use before: 63.2 MB.
System memory in use after: 63.3 MB.

Unloading 5 unused Assets to reduce memory usage. Loaded Objects now: 1638.
Total: 5.336200 ms (FindLiveObjects: 0.417300 ms CreateObjectMapping: 0.133100 ms MarkObjects: 4.633900 ms  DeleteObjects: 0.147200 ms)

========================================================================
Received Import Request.
  Time since last request: 870.219593 seconds.
  path: Assets/UI/GameOverUı.png
  artifactKey: Guid(86c3b3b1f9ace874380610c3cbb7c934) Importer(815301076,1909f56bfc062723c751e8b465ee728b)
Start importing Assets/UI/GameOverUı.png using Guid(86c3b3b1f9ace874380610c3cbb7c934) Importer(815301076,1909f56bfc062723c751e8b465ee728b)  -> (artifact id: '473e0585d50f674f8809faced6262d19') in 0.153535 seconds
  Import took 0.160206 seconds .

========================================================================
Received Import Request.
  Time since last request: 5.607290 seconds.
  path: Assets/UI/GameOverUı.png
  artifactKey: Guid(86c3b3b1f9ace874380610c3cbb7c934) Importer(815301076,1909f56bfc062723c751e8b465ee728b)
Start importing Assets/UI/GameOverUı.png using Guid(86c3b3b1f9ace874380610c3cbb7c934) Importer(815301076,1909f56bfc062723c751e8b465ee728b)  -> (artifact id: 'b68fbd1c7bd209c111079fdc921be865') in 0.129008 seconds
  Import took 0.136525 seconds .

========================================================================
Received Prepare
Registering precompiled user dll's ...
Registered in 0.003336 seconds.
Begin MonoManager ReloadAssembly
Native extension for WindowsStandalone target not found
Refreshing native plugins compatible for Editor in 1.56 ms, found 0 plugins.
Preloading 0 native plugins for Editor in 0.00 ms.
Invoked RoslynAnalysisRunner static constructor.
RoslynAnalysisRunner will not be running.
RoslynAnalysisRunner has terminated.
Mono: successfully reloaded assembly
- Completed reload, in  2.995 seconds
Platform modules already initialized, skipping
Refreshing native plugins compatible for Editor in 1.20 ms, found 0 plugins.
Preloading 0 native plugins for Editor in 0.00 ms.
Unloading 1104 Unused Serialized files (Serialized files now loaded: 0)
System memory in use before: 63.2 MB.
System memory in use after: 63.3 MB.

Unloading 5 unused Assets to reduce memory usage. Loaded Objects now: 1644.
Total: 5.353300 ms (FindLiveObjects: 1.132000 ms CreateObjectMapping: 0.224100 ms MarkObjects: 3.858700 ms  DeleteObjects: 0.134200 ms)

========================================================================
Received Prepare
Registering precompiled user dll's ...
Registered in 0.009990 seconds.
Begin MonoManager ReloadAssembly
Native extension for WindowsStandalone target not found
Refreshing native plugins compatible for Editor in 0.93 ms, found 0 plugins.
Preloading 0 native plugins for Editor in 0.00 ms.
Invoked RoslynAnalysisRunner static constructor.
RoslynAnalysisRunner will not be running.
RoslynAnalysisRunner has terminated.
Mono: successfully reloaded assembly
- Completed reload, in  3.780 seconds
Platform modules already initialized, skipping
Refreshing native plugins compatible for Editor in 1.05 ms, found 0 plugins.
Preloading 0 native plugins for Editor in 0.00 ms.
Unloading 1104 Unused Serialized files (Serialized files now loaded: 0)
System memory in use before: 63.2 MB.
System memory in use after: 63.3 MB.

Unloading 5 unused Assets to reduce memory usage. Loaded Objects now: 1646.
Total: 4.655400 ms (FindLiveObjects: 0.411100 ms CreateObjectMapping: 0.120000 ms MarkObjects: 3.977400 ms  DeleteObjects: 0.141300 ms)

========================================================================
Received Prepare
Registering precompiled user dll's ...
Registered in 0.004960 seconds.
Begin MonoManager ReloadAssembly
Native extension for WindowsStandalone target not found
Refreshing native plugins compatible for Editor in 0.90 ms, found 0 plugins.
Preloading 0 native plugins for Editor in 0.00 ms.
Invoked RoslynAnalysisRunner static constructor.
RoslynAnalysisRunner will not be running.
RoslynAnalysisRunner has terminated.
Mono: successfully reloaded assembly
- Completed reload, in  4.940 seconds
Platform modules already initialized, skipping
Refreshing native plugins compatible for Editor in 1.04 ms, found 0 plugins.
Preloading 0 native plugins for Editor in 0.00 ms.
Unloading 1104 Unused Serialized files (Serialized files now loaded: 0)
System memory in use before: 63.2 MB.
System memory in use after: 63.3 MB.

Unloading 5 unused Assets to reduce memory usage. Loaded Objects now: 1648.
Total: 5.719500 ms (FindLiveObjects: 0.516300 ms CreateObjectMapping: 0.148000 ms MarkObjects: 4.882400 ms  DeleteObjects: 0.167800 ms)

========================================================================
Received Import Request.
  Time since last request: 493.342150 seconds.
  path: Assets/UI/GameOverImage.anim
  artifactKey: Guid(0955eb4c0912888488227bf31eccc1d2) Importer(815301076,1909f56bfc062723c751e8b465ee728b)
Start importing Assets/UI/GameOverImage.anim using Guid(0955eb4c0912888488227bf31eccc1d2) Importer(815301076,1909f56bfc062723c751e8b465ee728b)  -> (artifact id: '97e210960f575f3ce031cfd04a878511') in 0.080790 seconds
  Import took 0.089833 seconds .

========================================================================
Received Import Request.
  Time since last request: 0.022402 seconds.
  path: Assets/UI/GameOverImage.anim
  artifactKey: Guid(0955eb4c0912888488227bf31eccc1d2) Importer(815301076,1909f56bfc062723c751e8b465ee728b)
Start importing Assets/UI/GameOverImage.anim using Guid(0955eb4c0912888488227bf31eccc1d2) Importer(815301076,1909f56bfc062723c751e8b465ee728b)  -> (artifact id: '97e210960f575f3ce031cfd04a878511') in 0.022834 seconds
  Import took 0.043825 seconds .

========================================================================
Received Prepare
Registering precompiled user dll's ...
Registered in 0.002023 seconds.
Begin MonoManager ReloadAssembly
Native extension for WindowsStandalone target not found
Refreshing native plugins compatible for Editor in 0.86 ms, found 0 plugins.
Preloading 0 native plugins for Editor in 0.00 ms.
Invoked RoslynAnalysisRunner static constructor.
RoslynAnalysisRunner will not be running.
RoslynAnalysisRunner has terminated.
Mono: successfully reloaded assembly
- Completed reload, in  3.474 seconds
Platform modules already initialized, skipping
Refreshing native plugins compatible for Editor in 1.24 ms, found 0 plugins.
Preloading 0 native plugins for Editor in 0.00 ms.
Unloading 1104 Unused Serialized files (Serialized files now loaded: 0)
System memory in use before: 63.3 MB.
System memory in use after: 63.3 MB.

Unloading 5 unused Assets to reduce memory usage. Loaded Objects now: 1650.
Total: 6.114800 ms (FindLiveObjects: 0.431900 ms CreateObjectMapping: 0.100800 ms MarkObjects: 5.315100 ms  DeleteObjects: 0.262500 ms)

========================================================================
Received Prepare
Registering precompiled user dll's ...
Registered in 0.001852 seconds.
Begin MonoManager ReloadAssembly
Native extension for WindowsStandalone target not found
Refreshing native plugins compatible for Editor in 0.84 ms, found 0 plugins.
Preloading 0 native plugins for Editor in 0.00 ms.
Invoked RoslynAnalysisRunner static constructor.
RoslynAnalysisRunner will not be running.
RoslynAnalysisRunner has terminated.
Mono: successfully reloaded assembly
- Completed reload, in  3.042 seconds
Platform modules already initialized, skipping
Refreshing native plugins compatible for Editor in 0.79 ms, found 0 plugins.
Preloading 0 native plugins for Editor in 0.00 ms.
Unloading 1104 Unused Serialized files (Serialized files now loaded: 0)
System memory in use before: 63.3 MB.
System memory in use after: 63.3 MB.

Unloading 5 unused Assets to reduce memory usage. Loaded Objects now: 1652.
Total: 4.030700 ms (FindLiveObjects: 0.676800 ms CreateObjectMapping: 0.156900 ms MarkObjects: 3.063800 ms  DeleteObjects: 0.128600 ms)

========================================================================
Received Prepare
Registering precompiled user dll's ...
Registered in 0.005188 seconds.
Begin MonoManager ReloadAssembly
Native extension for WindowsStandalone target not found
Refreshing native plugins compatible for Editor in 1.03 ms, found 0 plugins.
Preloading 0 native plugins for Editor in 0.00 ms.
Invoked RoslynAnalysisRunner static constructor.
RoslynAnalysisRunner will not be running.
RoslynAnalysisRunner has terminated.
Mono: successfully reloaded assembly
- Completed reload, in  4.126 seconds
Platform modules already initialized, skipping
Refreshing native plugins compatible for Editor in 0.91 ms, found 0 plugins.
Preloading 0 native plugins for Editor in 0.00 ms.
Unloading 1104 Unused Serialized files (Serialized files now loaded: 0)
System memory in use before: 63.3 MB.
System memory in use after: 63.3 MB.

Unloading 5 unused Assets to reduce memory usage. Loaded Objects now: 1654.
Total: 4.784400 ms (FindLiveObjects: 0.380100 ms CreateObjectMapping: 0.173900 ms MarkObjects: 4.082000 ms  DeleteObjects: 0.143800 ms)

========================================================================
Received Prepare
Registering precompiled user dll's ...
Registered in 0.005393 seconds.
Begin MonoManager ReloadAssembly
Native extension for WindowsStandalone target not found
Refreshing native plugins compatible for Editor in 0.99 ms, found 0 plugins.
Preloading 0 native plugins for Editor in 0.00 ms.
Invoked RoslynAnalysisRunner static constructor.
RoslynAnalysisRunner will not be running.
RoslynAnalysisRunner has terminated.
Mono: successfully reloaded assembly
- Completed reload, in  3.489 seconds
Platform modules already initialized, skipping
Refreshing native plugins compatible for Editor in 0.98 ms, found 0 plugins.
Preloading 0 native plugins for Editor in 0.00 ms.
Unloading 1104 Unused Serialized files (Serialized files now loaded: 0)
System memory in use before: 63.3 MB.
System memory in use after: 63.3 MB.

Unloading 5 unused Assets to reduce memory usage. Loaded Objects now: 1656.
Total: 5.161700 ms (FindLiveObjects: 0.917300 ms CreateObjectMapping: 0.150000 ms MarkObjects: 3.948400 ms  DeleteObjects: 0.141800 ms)

========================================================================
Received Prepare
Registering precompiled user dll's ...
Registered in 0.003053 seconds.
Begin MonoManager ReloadAssembly
Native extension for WindowsStandalone target not found
Refreshing native plugins compatible for Editor in 0.82 ms, found 0 plugins.
Preloading 0 native plugins for Editor in 0.00 ms.
Invoked RoslynAnalysisRunner static constructor.
RoslynAnalysisRunner will not be running.
RoslynAnalysisRunner has terminated.
Mono: successfully reloaded assembly
- Completed reload, in  2.200 seconds
Platform modules already initialized, skipping
Refreshing native plugins compatible for Editor in 0.79 ms, found 0 plugins.
Preloading 0 native plugins for Editor in 0.00 ms.
Unloading 1104 Unused Serialized files (Serialized files now loaded: 0)
System memory in use before: 63.3 MB.
System memory in use after: 63.3 MB.

Unloading 5 unused Assets to reduce memory usage. Loaded Objects now: 1658.
Total: 3.860200 ms (FindLiveObjects: 0.372100 ms CreateObjectMapping: 0.082300 ms MarkObjects: 3.278800 ms  DeleteObjects: 0.123800 ms)

========================================================================
Received Prepare
Registering precompiled user dll's ...
Registered in 0.001935 seconds.
Begin MonoManager ReloadAssembly
Native extension for WindowsStandalone target not found
Refreshing native plugins compatible for Editor in 0.88 ms, found 0 plugins.
Preloading 0 native plugins for Editor in 0.00 ms.
Invoked RoslynAnalysisRunner static constructor.
RoslynAnalysisRunner will not be running.
RoslynAnalysisRunner has terminated.
Mono: successfully reloaded assembly
- Completed reload, in  2.458 seconds
Platform modules already initialized, skipping
Refreshing native plugins compatible for Editor in 0.86 ms, found 0 plugins.
Preloading 0 native plugins for Editor in 0.00 ms.
Unloading 1104 Unused Serialized files (Serialized files now loaded: 0)
System memory in use before: 63.3 MB.
System memory in use after: 63.3 MB.

Unloading 5 unused Assets to reduce memory usage. Loaded Objects now: 1660.
Total: 4.645700 ms (FindLiveObjects: 1.265700 ms CreateObjectMapping: 0.106400 ms MarkObjects: 3.143800 ms  DeleteObjects: 0.125900 ms)

========================================================================
Received Prepare
Registering precompiled user dll's ...
Registered in 0.002001 seconds.
Begin MonoManager ReloadAssembly
Native extension for WindowsStandalone target not found
Refreshing native plugins compatible for Editor in 0.93 ms, found 0 plugins.
Preloading 0 native plugins for Editor in 0.00 ms.
Invoked RoslynAnalysisRunner static constructor.
RoslynAnalysisRunner will not be running.
RoslynAnalysisRunner has terminated.
Mono: successfully reloaded assembly
- Completed reload, in  2.268 seconds
Platform modules already initialized, skipping
Refreshing native plugins compatible for Editor in 0.83 ms, found 0 plugins.
Preloading 0 native plugins for Editor in 0.00 ms.
Unloading 1104 Unused Serialized files (Serialized files now loaded: 0)
System memory in use before: 63.3 MB.
System memory in use after: 63.4 MB.

Unloading 5 unused Assets to reduce memory usage. Loaded Objects now: 1662.
Total: 4.770600 ms (FindLiveObjects: 0.412600 ms CreateObjectMapping: 0.109800 ms MarkObjects: 4.047300 ms  DeleteObjects: 0.197300 ms)

========================================================================
Received Prepare
Registering precompiled user dll's ...
Registered in 0.003619 seconds.
Begin MonoManager ReloadAssembly
Native extension for WindowsStandalone target not found
Refreshing native plugins compatible for Editor in 0.84 ms, found 0 plugins.
Preloading 0 native plugins for Editor in 0.00 ms.
Invoked RoslynAnalysisRunner static constructor.
RoslynAnalysisRunner will not be running.
RoslynAnalysisRunner has terminated.
Mono: successfully reloaded assembly
- Completed reload, in  2.564 seconds
Platform modules already initialized, skipping
Refreshing native plugins compatible for Editor in 0.96 ms, found 0 plugins.
Preloading 0 native plugins for Editor in 0.00 ms.
Unloading 1104 Unused Serialized files (Serialized files now loaded: 0)
System memory in use before: 63.3 MB.
System memory in use after: 63.4 MB.

Unloading 5 unused Assets to reduce memory usage. Loaded Objects now: 1664.
Total: 5.069300 ms (FindLiveObjects: 0.515400 ms CreateObjectMapping: 0.143600 ms MarkObjects: 4.254500 ms  DeleteObjects: 0.151100 ms)

========================================================================
Received Prepare
Registering precompiled user dll's ...
Registered in 0.002649 seconds.
Begin MonoManager ReloadAssembly
Native extension for WindowsStandalone target not found
Refreshing native plugins compatible for Editor in 0.95 ms, found 0 plugins.
Preloading 0 native plugins for Editor in 0.00 ms.
Invoked RoslynAnalysisRunner static constructor.
RoslynAnalysisRunner will not be running.
RoslynAnalysisRunner has terminated.
Mono: successfully reloaded assembly
- Completed reload, in  2.476 seconds
Platform modules already initialized, skipping
Refreshing native plugins compatible for Editor in 1.06 ms, found 0 plugins.
Preloading 0 native plugins for Editor in 0.00 ms.
Unloading 1104 Unused Serialized files (Serialized files now loaded: 0)
System memory in use before: 63.3 MB.
System memory in use after: 63.4 MB.

Unloading 5 unused Assets to reduce memory usage. Loaded Objects now: 1666.
Total: 5.228200 ms (FindLiveObjects: 0.393900 ms CreateObjectMapping: 0.096100 ms MarkObjects: 4.530600 ms  DeleteObjects: 0.202500 ms)

========================================================================
Received Prepare
Registering precompiled user dll's ...
Registered in 0.001794 seconds.
Begin MonoManager ReloadAssembly
Native extension for WindowsStandalone target not found
Refreshing native plugins compatible for Editor in 1.54 ms, found 0 plugins.
Preloading 0 native plugins for Editor in 0.00 ms.
Invoked RoslynAnalysisRunner static constructor.
RoslynAnalysisRunner will not be running.
RoslynAnalysisRunner has terminated.
Mono: successfully reloaded assembly
- Completed reload, in  2.407 seconds
Platform modules already initialized, skipping
Refreshing native plugins compatible for Editor in 0.92 ms, found 0 plugins.
Preloading 0 native plugins for Editor in 0.00 ms.
Unloading 1104 Unused Serialized files (Serialized files now loaded: 0)
System memory in use before: 63.3 MB.
System memory in use after: 63.4 MB.

Unloading 5 unused Assets to reduce memory usage. Loaded Objects now: 1668.
Total: 3.993900 ms (FindLiveObjects: 0.385200 ms CreateObjectMapping: 0.111600 ms MarkObjects: 3.371900 ms  DeleteObjects: 0.122100 ms)

========================================================================
Received Prepare
Registering precompiled user dll's ...
Registered in 0.001889 seconds.
Begin MonoManager ReloadAssembly
Native extension for WindowsStandalone target not found
Refreshing native plugins compatible for Editor in 0.82 ms, found 0 plugins.
Preloading 0 native plugins for Editor in 0.00 ms.
Invoked RoslynAnalysisRunner static constructor.
RoslynAnalysisRunner will not be running.
RoslynAnalysisRunner has terminated.
Mono: successfully reloaded assembly
- Completed reload, in  2.312 seconds
Platform modules already initialized, skipping
Refreshing native plugins compatible for Editor in 0.90 ms, found 0 plugins.
Preloading 0 native plugins for Editor in 0.00 ms.
Unloading 1104 Unused Serialized files (Serialized files now loaded: 0)
System memory in use before: 63.3 MB.
System memory in use after: 63.4 MB.

Unloading 5 unused Assets to reduce memory usage. Loaded Objects now: 1670.
Total: 5.292000 ms (FindLiveObjects: 0.836000 ms CreateObjectMapping: 0.219200 ms MarkObjects: 4.046800 ms  DeleteObjects: 0.185200 ms)

AssetImportWorkerClient::OnTransportError - code=2 error=End of file
